Build started 2014/10/25 16:20:18.
     1>Project "C:\Users\wangqiang\Documents\Visual Studio 2010\Projects\LeetCode\LeetCode\LeetCode.vcxproj" on node 2 (build target(s)).
     1>InitializeBuildStatus:
         Creating "Debug\LeetCode-cpp.unsuccessfulbuild" because "AlwaysCreate" was specified.
       ClCompile:
         D:\Program Files\Microsoft Visual Studio 10.0\VC\bin\CL.exe /c /ZI /nologo /W3 /WX- /Od /Oy- /D WIN32 /D _DEBUG /D _CONSOLE /D _UNICODE /D UNICODE /Gm /EHsc /RTC1 /MDd /GS /fp:precise /Zc:wchar_t /Zc:forScope /Fo"Debug\\" /Fd"Debug\vc100.pdb" /Gd /TP /analyze- /errorReport:prompt ReversePolishNotation.cpp
         ReversePolishNotation.cpp
     1>c:\users\wangqiang\documents\visual studio 2010\projects\leetcode\leetcode\reversepolishnotation.cpp(8): warning C4018: '<' : signed/unsigned mismatch
       ManifestResourceCompile:
         All outputs are up-to-date.
       Link:
         D:\Program Files\Microsoft Visual Studio 10.0\VC\bin\link.exe /ERRORREPORT:PROMPT /OUT:"C:\Users\wangqiang\Documents\Visual Studio 2010\Projects\LeetCode\Debug\LeetCode-cpp.exe" /INCREMENTAL /NOLOGO kernel32.lib user32.lib gdi32.lib winspool.lib comdlg32.lib advapi32.lib shell32.lib ole32.lib oleaut32.lib uuid.lib odbc32.lib odbccp32.lib /MANIFEST /ManifestFile:"Debug\LeetCode-cpp.exe.intermediate.manifest" /MANIFESTUAC:"level='asInvoker' uiAccess='false'" /DEBUG /PDB:"C:\Users\wangqiang\Documents\Visual Studio 2010\Projects\LeetCode\Debug\LeetCode-cpp.pdb" /SUBSYSTEM:CONSOLE /TLBID:1 /DYNAMICBASE /NXCOMPAT /IMPLIB:"C:\Users\wangqiang\Documents\Visual Studio 2010\Projects\LeetCode\Debug\LeetCode-cpp.lib" /MACHINE:X86 "Debug\LeetCode-cpp.exe.embed.manifest.res"
         Debug\ReversePolishNotation.obj
         Debug\ReverseWords.obj
         Debug\solusions.obj
       Manifest:
         C:\Program Files (x86)\Microsoft SDKs\Windows\v7.0A\bin\mt.exe /nologo /verbose /out:"Debug\LeetCode-cpp.exe.embed.manifest" /manifest "Debug\LeetCode-cpp.exe.intermediate.manifest"
         All outputs are up-to-date.
       LinkEmbedManifest:
         All outputs are up-to-date.
         LeetCode.vcxproj -> C:\Users\wangqiang\Documents\Visual Studio 2010\Projects\LeetCode\Debug\LeetCode-cpp.exe
       FinalizeBuildStatus:
         Deleting file "Debug\LeetCode-cpp.unsuccessfulbuild".
         Touching "Debug\LeetCode-cpp.lastbuildstate".
     1>Done Building Project "C:\Users\wangqiang\Documents\Visual Studio 2010\Projects\LeetCode\LeetCode\LeetCode.vcxproj" (build target(s)).

Build succeeded.

Time Elapsed 00:00:01.72
